

METADATA:short
Alpine Linux with Go and most useful Go tools

METADATA:full
Alpine Linux with Go ([golang](https://hub.docker.com/_/golang/):alpine.310e63753884), g++, gcc, git, libc-dev, mercurial and
- [easyjson](https://github.com/mailru/easyjson).(2f5df55, [diff](https://github.com/mailru/easyjson/compare/2f5df55...master))
- [glide](https://glide.sh).(v0.12.3, [diff](https://github.com/Masterminds/glide/compare/v0.12.3...master))
- [gometalinter](https://github.com/alecthomas/gometalinter).(v1.2.1, [diff](https://github.com/alecthomas/gometalinter/compare/v1.2.1...master))
  - aligncheck
  - deadcode
  - dupl
  - errcheck
  - gas
  - goconst
  - gocyclo
  - goimports
  - golint
  - gosimple
  - gotype
  - ineffassign
  - interfacer
  - lll
  - misspell
  - safesql
  - staticcheck
  - structcheck
  - unconvert
  - unparam
  - unused
  - varcheck
- [goreleaser](https://goreleaser.github.io).(v0.27.5, [diff](https://github.com/goreleaser/goreleaser/compare/v0.27.5...master))
- [protobuf](https://developers.google.com/protocol-buffers/).(v3.3.2, [diff](https://github.com/google/protobuf/compare/v3.3.2...master))
- [golang/protobuf](https://github.com/golang/protobuf).(748d386, [diff](https://github.com/golang/protobuf/compare/748d386...master))
- [gogo/protobuf](https://github.com/gogo/protobuf).(v0.4-28-g7b6c6391, [diff](https://github.com/gogo/protobuf/compare/v0.4-28-g7b6c6391...master))
- [retry](https://github.com/kamilsk/retry).(2.1.2, [diff](https://github.com/kamilsk/retry/compare/2.1.2...master))

[Dockerfile](https://github.com/kamilsk/shared/blob/docker-go-v1/tools)
[Useful Makefile](https://github.com/kamilsk/shared/blob/makefile-go-v1/docker/tools.mk)

